TN:
SF:src/components/DataTable/Modal.tsx
FN:14,(anonymous_1)
FN:17,(anonymous_2)
FN:43,(anonymous_3)
FN:51,(anonymous_4)
FNF:4
FNH:4
FNDA:44,(anonymous_1)
FNDA:2,(anonymous_2)
FNDA:2,(anonymous_3)
FNDA:2,(anonymous_4)
DA:1,1
DA:2,1
DA:3,1
DA:14,1
DA:15,44
DA:17,7
DA:18,2
DA:21,7
DA:43,2
DA:51,2
DA:78,1
LF:11
LH:11
BRDA:15,0,0,37
BRDA:25,1,0,3
BRDA:25,1,1,4
BRDA:27,2,0,3
BRDA:27,2,1,1
BRDA:31,3,0,1
BRDA:31,3,1,6
BRDA:58,4,0,1
BRDA:58,4,1,6
BRDA:65,5,0,3
BRDA:65,5,1,3
BRF:11
BRH:11
end_of_record
TN:
SF:src/components/DataTable/SortButtons.tsx
FN:10,(anonymous_1)
FN:14,(anonymous_2)
FN:26,(anonymous_3)
FN:38,(anonymous_4)
FNF:4
FNH:2
FNDA:8,(anonymous_1)
FNDA:1,(anonymous_2)
FNDA:0,(anonymous_3)
FNDA:0,(anonymous_4)
DA:3,1
DA:4,1
DA:10,1
DA:11,8
DA:14,1
DA:26,0
DA:38,0
DA:51,1
LF:8
LH:6
BRDA:18,0,0,0
BRDA:18,0,1,8
BRDA:20,1,0,2
BRDA:20,1,1,6
BRDA:30,2,0,0
BRDA:30,2,1,8
BRDA:32,3,0,0
BRDA:32,3,1,8
BRDA:42,4,0,0
BRDA:42,4,1,8
BRDA:44,5,0,0
BRDA:44,5,1,8
BRF:12
BRH:7
end_of_record
TN:
SF:src/components/DataTable/TableComponent.tsx
FN:13,(anonymous_1)
FN:27,(anonymous_2)
FN:29,(anonymous_3)
FN:49,(anonymous_4)
FN:51,(anonymous_5)
FN:63,(anonymous_6)
FN:65,(anonymous_7)
FNF:7
FNH:7
FNDA:47,(anonymous_1)
FNDA:28,(anonymous_2)
FNDA:112,(anonymous_3)
FNDA:265,(anonymous_4)
FNDA:1060,(anonymous_5)
FNDA:50,(anonymous_6)
FNDA:200,(anonymous_7)
DA:1,1
DA:3,1
DA:4,1
DA:13,1
DA:14,47
DA:15,14
DA:17,33
DA:18,0
DA:21,33
DA:28,28
DA:30,112
DA:50,265
DA:52,1060
DA:64,50
DA:66,200
DA:79,1
LF:16
LH:15
BRDA:14,0,0,14
BRDA:17,1,0,0
BRDA:23,2,0,28
BRDA:23,2,1,5
BRDA:34,3,0,2
BRDA:34,3,1,110
BRDA:35,4,0,0
BRDA:35,4,1,2
BRDA:40,5,0,84
BRDA:40,5,1,28
BRF:10
BRH:8
end_of_record
TN:
SF:src/components/shared/Button.tsx
FN:18,(anonymous_1)
FNF:1
FNH:1
FNDA:1480,(anonymous_1)
DA:2,2
DA:18,2
DA:25,1480
DA:37,2
LF:4
LH:4
BRDA:22,0,0,1348
BRDA:27,1,0,1480
BRDA:27,1,1,0
BRF:3
BRH:2
end_of_record
TN:
SF:src/components/shared/ErrorAlert.tsx
FN:10,(anonymous_1)
FNF:1
FNH:1
FNDA:6,(anonymous_1)
DA:1,2
DA:2,2
DA:10,2
DA:11,6
DA:24,2
LF:5
LH:5
BRF:0
BRH:0
end_of_record
TN:
SF:src/components/shared/LoadingSpinner.tsx
FN:3,(anonymous_1)
FNF:1
FNH:1
FNDA:2,(anonymous_1)
DA:1,1
DA:3,1
DA:4,2
DA:8,1
LF:4
LH:4
BRF:0
BRH:0
end_of_record
TN:
SF:src/components/shared/Pagination.tsx
FN:9,(anonymous_1)
FN:15,(anonymous_2)
FN:22,(anonymous_3)
FN:29,(anonymous_4)
FN:36,(anonymous_5)
FN:48,(anonymous_6)
FN:50,(anonymous_7)
FNF:7
FNH:2
FNDA:33,(anonymous_1)
FNDA:0,(anonymous_2)
FNDA:0,(anonymous_3)
FNDA:0,(anonymous_4)
FNDA:0,(anonymous_5)
FNDA:0,(anonymous_6)
FNDA:99,(anonymous_7)
DA:2,1
DA:3,1
DA:9,1
DA:10,33
DA:15,0
DA:22,0
DA:29,0
DA:36,0
DA:48,0
DA:51,99
DA:61,1
LF:11
LH:6
BRF:0
BRH:0
end_of_record
TN:
SF:src/components/shared/SearchBar.tsx
FN:12,(anonymous_1)
FN:35,(anonymous_2)
FNF:2
FNH:2
FNDA:7,(anonymous_1)
FNDA:1,(anonymous_2)
DA:1,1
DA:12,1
DA:20,7
DA:35,1
DA:45,1
LF:5
LH:5
BRDA:15,0,0,6
BRDA:18,1,0,6
BRDA:22,2,0,2
BRDA:22,2,1,5
BRDA:25,3,0,1
BRDA:25,3,1,1
BRDA:39,4,0,7
BRDA:39,4,1,5
BRF:8
BRH:8
end_of_record
TN:
SF:src/pages/PostsPage.tsx
FN:22,(anonymous_10)
FN:22,(anonymous_11)
FN:23,(anonymous_12)
FN:23,(anonymous_13)
FN:25,(anonymous_14)
FN:40,(anonymous_15)
FN:41,(anonymous_16)
FN:57,(anonymous_17)
FN:59,(anonymous_18)
FN:63,(anonymous_19)
FN:65,(anonymous_20)
FN:66,(anonymous_21)
FN:72,(anonymous_22)
FN:75,(anonymous_23)
FN:75,(anonymous_24)
FN:83,(anonymous_25)
FN:90,(anonymous_26)
FN:97,(anonymous_27)
FN:111,(anonymous_28)
FN:126,(anonymous_29)
FN:131,(anonymous_30)
FN:136,(anonymous_31)
FN:144,(anonymous_32)
FN:147,(anonymous_33)
FN:150,(anonymous_34)
FN:155,(anonymous_35)
FN:190,(anonymous_36)
FN:191,(anonymous_37)
FN:197,(anonymous_38)
FN:215,(anonymous_39)
FNF:30
FNH:26
FNDA:1,(anonymous_10)
FNDA:1,(anonymous_11)
FNDA:1,(anonymous_12)
FNDA:1,(anonymous_13)
FNDA:47,(anonymous_14)
FNDA:14,(anonymous_15)
FNDA:14,(anonymous_16)
FNDA:31,(anonymous_17)
FNDA:11,(anonymous_18)
FNDA:31,(anonymous_19)
FNDA:11,(anonymous_20)
FNDA:38,(anonymous_21)
FNDA:2,(anonymous_22)
FNDA:1,(anonymous_23)
FNDA:11,(anonymous_24)
FNDA:3,(anonymous_25)
FNDA:2,(anonymous_26)
FNDA:11,(anonymous_27)
FNDA:14,(anonymous_28)
FNDA:315,(anonymous_29)
FNDA:315,(anonymous_30)
FNDA:0,(anonymous_31)
FNDA:1,(anonymous_32)
FNDA:1,(anonymous_33)
FNDA:2,(anonymous_34)
FNDA:0,(anonymous_35)
FNDA:0,(anonymous_36)
FNDA:1,(anonymous_37)
FNDA:1,(anonymous_38)
FNDA:0,(anonymous_39)
DA:1,1
DA:2,1
DA:10,1
DA:11,1
DA:12,1
DA:13,1
DA:14,1
DA:15,1
DA:16,1
DA:17,1
DA:18,1
DA:19,1
DA:22,2
DA:23,2
DA:25,1
DA:26,47
DA:27,47
DA:28,47
DA:29,47
DA:30,47
DA:31,47
DA:32,47
DA:34,47
DA:35,47
DA:36,47
DA:37,47
DA:40,47
DA:41,14
DA:42,14
DA:43,14
DA:44,14
DA:46,0
DA:47,0
DA:49,14
DA:53,14
DA:57,47
DA:58,31
DA:59,11
DA:63,47
DA:64,31
DA:65,2
DA:66,11
DA:67,38
DA:72,47
DA:73,2
DA:74,2
DA:75,11
DA:77,1
DA:78,1
DA:83,47
DA:84,3
DA:85,3
DA:86,3
DA:87,3
DA:90,47
DA:91,2
DA:92,2
DA:93,1
DA:94,1
DA:95,1
DA:96,1
DA:97,11
DA:99,2
DA:100,2
DA:102,0
DA:103,0
DA:110,47
DA:111,14
DA:126,315
DA:132,315
DA:136,0
DA:144,1
DA:147,1
DA:150,2
DA:155,0
DA:170,47
DA:183,47
DA:190,0
DA:191,1
DA:197,1
DA:216,0
DA:217,0
DA:228,1
LF:83
LH:74
BRDA:58,0,0,29
BRDA:64,1,0,29
BRDA:83,2,0,1
BRDA:92,3,0,1
BRDA:92,3,1,1
BRDA:95,4,0,1
BRDA:97,5,0,1
BRDA:97,5,1,10
BRDA:102,6,0,0
BRDA:102,6,1,0
BRDA:104,7,0,0
BRDA:104,7,1,0
BRDA:132,8,0,2
BRDA:132,8,1,313
BRDA:154,9,0,0
BRDA:154,9,1,313
BRDA:157,10,0,0
BRDA:157,10,1,313
BRDA:160,11,0,0
BRDA:160,11,1,313
BRDA:185,12,0,2
BRDA:185,12,1,45
BRDA:186,13,0,1
BRDA:186,13,1,46
BRDA:186,14,0,47
BRDA:186,14,1,33
BRDA:195,15,0,45
BRDA:195,15,1,2
BRDA:202,16,0,8
BRDA:202,16,1,39
BRDA:209,17,0,45
BRDA:209,17,1,2
BRF:32
BRH:25
end_of_record
TN:
SF:src/types/shared.ts
FN:8,(anonymous_0)
FNF:1
FNH:1
FNDA:1,(anonymous_0)
DA:8,1
DA:9,1
DA:10,1
DA:11,1
LF:4
LH:4
BRDA:8,0,0,1
BRDA:8,0,1,1
BRF:2
BRH:2
end_of_record
TN:
SF:src/utils/api.ts
FN:11,fetchPosts
FN:29,deletePost
FN:50,editPost
FN:73,(anonymous_3)
FNF:4
FNH:4
FNDA:3,fetchPosts
FNDA:3,deletePost
FNDA:3,editPost
FNDA:3,(anonymous_3)
DA:5,2
DA:11,2
DA:12,3
DA:13,3
DA:14,2
DA:15,1
DA:17,1
DA:19,2
DA:20,2
DA:29,2
DA:30,3
DA:31,3
DA:35,2
DA:36,1
DA:39,2
DA:40,2
DA:50,2
DA:51,3
DA:52,3
DA:57,2
DA:58,1
DA:60,1
DA:62,2
DA:63,2
DA:73,2
DA:74,3
DA:75,3
DA:80,2
DA:81,1
DA:83,1
DA:85,2
DA:86,2
LF:32
LH:32
BRDA:14,0,0,1
BRDA:35,1,0,1
BRDA:57,2,0,1
BRDA:80,3,0,1
BRF:4
BRH:4
end_of_record
TN:
SF:src/utils/constants.ts
FNF:0
FNH:0
DA:1,1
LF:1
LH:1
BRF:0
BRH:0
end_of_record
TN:
SF:src/utils/samplePost.ts
FNF:0
FNH:0
DA:1,1
LF:1
LH:1
BRF:0
BRH:0
end_of_record
